2024.07.07 16:29:45 INFO  Started: Metals version 1.3.2 in folders 'E:\2nd Year\Semester 1\FC\practicals\sessions 4\scala-Lab-session-4' for client Visual Studio Code 1.90.2.
SLF4J(W): Class path contains multiple SLF4J providers.
SLF4J(W): Found provider [scribe.slf4j.ScribeServiceProvider@61e9e511]
SLF4J(W): Found provider [ch.qos.logback.classic.spi.LogbackServiceProvider@6f380888]
SLF4J(W): See https://www.slf4j.org/codes.html#multiple_bindings for an explanation.
SLF4J(I): Actual provider is of type [scribe.slf4j.ScribeServiceProvider@61e9e511]
2024.07.07 16:29:45 WARN  Flyway upgrade recommended: H2 2.2.224 is newer than this version of Flyway and support has not been tested. The latest supported version of H2 is 2.2.220.
2024.07.07 16:29:46 INFO  no build target found for E:\2nd Year\Semester 1\FC\practicals\sessions 4\scala-Lab-session-4\lab4.scala. Using presentation compiler with project's scala-library version: 3.3.3
2024.07.07 16:29:52 INFO  Running List(C:\Users\User\AppData\Local\Coursier\data\bin\scala-cli.BAT, setup-ide, E:\2nd Year\Semester 1\FC\practicals\sessions 4\scala-Lab-session-4)
2024.07.07 16:29:52 INFO  Attempting to connect to the build server...
2024.07.07 16:29:52 INFO  Running BSP server List(C:\Users\User\AppData\Local\Coursier\data\bin\.scala-cli.aux.exe, bsp, --json-options, E:\2nd Year\Semester 1\FC\practicals\sessions 4\scala-Lab-session-4\.scala-build\ide-options-v2.json, --json-launcher-options, E:\2nd Year\Semester 1\FC\practicals\sessions 4\scala-Lab-session-4\.scala-build\ide-launcher-options.json, --envs-file, E:\2nd Year\Semester 1\FC\practicals\sessions 4\scala-Lab-session-4\.scala-build\ide-envs.json, E:\2nd Year\Semester 1\FC\practicals\sessions 4\scala-Lab-session-4)
2024.07.07 16:29:52 INFO  tracing is disabled for protocol BSP, to enable tracing of incoming and outgoing JSON messages create an empty file at E:\2nd Year\Semester 1\FC\practicals\sessions 4\scala-Lab-session-4\.metals\bsp.trace.json or C:\Users\User\AppData\Local\scalameta\metals\cache\bsp.trace.json
2024.07.07 16:29:55 INFO  BSP server: Starting compilation server
2024.07.07 16:30:05 INFO  no build target found for E:\2nd Year\Semester 1\FC\practicals\sessions 4\scala-Lab-session-4\lab4.scala. Using presentation compiler with project's scala-library version: 3.3.3
Jul 07, 2024 4:30:07 PM org.eclipse.lsp4j.jsonrpc.services.GenericEndpoint notify
INFO: Unsupported notification method: $/setTrace
2024.07.07 16:30:09 INFO  time: Connected to build server in 16s
2024.07.07 16:30:09 INFO  Connected to Build server: scala-cli v1.3.2
2024.07.07 16:30:09 INFO  time: Imported build in 0.26s
2024.07.07 16:30:10 INFO  compiling scala-lab-session-4_f4dd477a3a (1 scala source)
2024.07.07 16:30:13 INFO  time: compiled scala-Lab-session-4_f4dd477a3a in 3.47s
2024.07.07 16:30:16 INFO  time: indexed workspace in 7.01s
2024.07.07 16:33:36 INFO  compiling scala-lab-session-4_f4dd477a3a (1 scala source)
2024.07.07 16:33:38 INFO  time: compiled scala-Lab-session-4_f4dd477a3a in 1.76s
2024.07.07 16:40:37 INFO  Shutting down server
2024.07.07 16:40:37 INFO  shutting down Metals
2024.07.07 16:40:37 INFO  Shut down connection with build server.
2024.07.07 16:40:37 INFO  Exiting server
2024.07.07 20:53:37 INFO  Started: Metals version 1.3.2 in folders 'E:\2nd Year\Semester 1\FC\practicals\sessions 4\scala-Lab-session-4' for client Visual Studio Code 1.91.0.
SLF4J(W): Class path contains multiple SLF4J providers.
SLF4J(W): Found provider [scribe.slf4j.ScribeServiceProvider@563b289e]
SLF4J(W): Found provider [ch.qos.logback.classic.spi.LogbackServiceProvider@32070d9a]
SLF4J(W): See https://www.slf4j.org/codes.html#multiple_bindings for an explanation.
SLF4J(I): Actual provider is of type [scribe.slf4j.ScribeServiceProvider@563b289e]
2024.07.07 20:53:37 WARN  Flyway upgrade recommended: H2 2.2.224 is newer than this version of Flyway and support has not been tested. The latest supported version of H2 is 2.2.220.
2024.07.07 20:53:39 INFO  no build target found for E:\2nd Year\Semester 1\FC\practicals\sessions 4\scala-Lab-session-4\lab4.scala. Using presentation compiler with project's scala-library version: 3.3.3
2024.07.07 20:53:40 INFO  Attempting to connect to the build server...
2024.07.07 20:53:40 INFO  Running BSP server List(C:\Users\User\AppData\Local\Coursier\data\bin\.scala-cli.aux.exe, bsp, --json-options, E:\2nd Year\Semester 1\FC\practicals\sessions 4\scala-Lab-session-4\.scala-build\ide-options-v2.json, --json-launcher-options, E:\2nd Year\Semester 1\FC\practicals\sessions 4\scala-Lab-session-4\.scala-build\ide-launcher-options.json, --envs-file, E:\2nd Year\Semester 1\FC\practicals\sessions 4\scala-Lab-session-4\.scala-build\ide-envs.json, E:\2nd Year\Semester 1\FC\practicals\sessions 4\scala-Lab-session-4)
2024.07.07 20:53:40 INFO  tracing is disabled for protocol BSP, to enable tracing of incoming and outgoing JSON messages create an empty file at E:\2nd Year\Semester 1\FC\practicals\sessions 4\scala-Lab-session-4\.metals\bsp.trace.json or C:\Users\User\AppData\Local\scalameta\metals\cache\bsp.trace.json
2024.07.07 20:53:43 INFO  BSP server: Starting compilation server
2024.07.07 20:53:50 INFO  time: Connected to build server in 9.68s
2024.07.07 20:53:50 INFO  Connected to Build server: scala-cli v1.3.2
2024.07.07 20:53:51 INFO  time: Imported build in 1.41s
2024.07.07 20:53:56 INFO  time: indexed workspace in 4.34s
Jul 07, 2024 8:55:48 PM org.eclipse.lsp4j.jsonrpc.RemoteEndpoint handleCancellation
WARNING: Unmatched cancel notification for request id 33
2024.07.07 20:58:31 INFO  compiling scala-lab-session-4_f4dd477a3a (1 scala source)
2024.07.07 20:58:37 INFO  time: compiled scala-Lab-session-4_f4dd477a3a in 5.74s
Jul 07, 2024 8:58:40 PM org.eclipse.lsp4j.jsonrpc.RemoteEndpoint handleCancellation
WARNING: Unmatched cancel notification for request id 77
Jul 07, 2024 8:58:40 PM org.eclipse.lsp4j.jsonrpc.RemoteEndpoint handleCancellation
WARNING: Unmatched cancel notification for request id 93
Jul 07, 2024 8:58:42 PM org.eclipse.lsp4j.jsonrpc.RemoteEndpoint handleCancellation
WARNING: Unmatched cancel notification for request id 119
Jul 07, 2024 9:01:30 PM org.eclipse.lsp4j.jsonrpc.services.GenericEndpoint notify
INFO: Unsupported notification method: $/setTrace
